<?xml version="1.0" encoding="UTF-8"?>
<!-- Generated by org.testng.reporters.JUnitXMLReporter -->
<testsuite hostname="DO-Tosh" name="registration tests" tests="4" failures="0" timestamp="2 Oct 2019 00:02:28 GMT" time="65.214" errors="0">
  <testcase name="userRegistration" time="16.35" classname="com.automationpractice.user_registration.UserRegistration_09_28_2019"/>
  <testcase name="Login_with_invalid_userid" time="15.506" classname="com.automationpractice.login.LoginTests"/>
  <testcase name="Login_with_valid_userid_but_invalid_password" time="12.574" classname="com.automationpractice.login.LoginTests"/>
  <testcase name="Login_with_valid_userid_and_password" time="20.766" classname="com.automationpractice.login.LoginTests"/>
</testsuite> <!-- registration tests -->
