<?xml version="1.0" encoding="UTF-8"?>
<!-- Generated by org.testng.reporters.JUnitXMLReporter -->
<testsuite hostname="DO-Tosh" name="Test set 2" tests="3" failures="0" timestamp="4 Oct 2019 02:10:38 GMT" time="41.669" errors="0">
  <testcase name="testOne" time="23.48" classname="com.automationpractice.demos.ParallelSet2"/>
  <testcase name="testThree" time="6.533" classname="com.automationpractice.demos.ParallelSet2"/>
  <testcase name="testTwo" time="5.187" classname="com.automationpractice.demos.ParallelSet2"/>
</testsuite> <!-- Test set 2 -->
