<?xml version="1.0" encoding="UTF-8"?>
<!-- Generated by org.testng.reporters.JUnitXMLReporter -->
<testsuite hostname="DO-Tosh" name="Test set 1" tests="3" failures="0" timestamp="4 Oct 2019 02:10:51 GMT" time="54.195" errors="0">
  <testcase name="testOne" time="30.121" classname="com.automationpractice.demos.ParallelSet1"/>
  <testcase name="testThree" time="7.006" classname="com.automationpractice.demos.ParallelSet1"/>
  <testcase name="testTwo" time="13.061" classname="com.automationpractice.demos.ParallelSet1"/>
</testsuite> <!-- Test set 1 -->
