<?xml version="1.0" encoding="UTF-8"?>
<testng-results skipped="0" failed="0" total="1" passed="1">
  <reporter-output>
  </reporter-output>
  <suite name="Default suite" duration-ms="9681" started-at="2019-10-10T00:49:31Z" finished-at="2019-10-10T00:49:41Z">
    <groups>
    </groups>
    <test name="Default test" duration-ms="9681" started-at="2019-10-10T00:49:31Z" finished-at="2019-10-10T00:49:41Z">
      <class name="com.automationpractice.user_registration.UserRegistration_10_09_2019">
        <test-method status="PASS" signature="initializeReporter()[pri:0, instance:com.automationpractice.user_registration.UserRegistration_10_09_2019@6093dd95]" name="initializeReporter" is-config="true" duration-ms="187" started-at="2019-10-09T20:49:31Z" finished-at="2019-10-09T20:49:31Z">
          <reporter-output>
          </reporter-output>
        </test-method> <!-- initializeReporter -->
        <test-method status="PASS" signature="init()[pri:0, instance:com.automationpractice.user_registration.UserRegistration_10_09_2019@6093dd95]" name="init" is-config="true" duration-ms="3220" started-at="2019-10-09T20:49:31Z" finished-at="2019-10-09T20:49:34Z">
          <reporter-output>
          </reporter-output>
        </test-method> <!-- init -->
        <test-method status="PASS" signature="userRegistration()[pri:0, instance:com.automationpractice.user_registration.UserRegistration_10_09_2019@6093dd95]" name="userRegistration" duration-ms="5363" started-at="2019-10-09T20:49:34Z" finished-at="2019-10-09T20:49:40Z">
          <reporter-output>
          </reporter-output>
        </test-method> <!-- userRegistration -->
        <test-method status="PASS" signature="saveReport()[pri:0, instance:com.automationpractice.user_registration.UserRegistration_10_09_2019@6093dd95]" name="saveReport" is-config="true" duration-ms="330" started-at="2019-10-09T20:49:40Z" finished-at="2019-10-09T20:49:40Z">
          <reporter-output>
          </reporter-output>
        </test-method> <!-- saveReport -->
        <test-method status="PASS" signature="closeBrowser()[pri:0, instance:com.automationpractice.user_registration.UserRegistration_10_09_2019@6093dd95]" name="closeBrowser" is-config="true" duration-ms="757" started-at="2019-10-09T20:49:40Z" finished-at="2019-10-09T20:49:41Z">
          <reporter-output>
          </reporter-output>
        </test-method> <!-- closeBrowser -->
      </class> <!-- com.automationpractice.user_registration.UserRegistration_10_09_2019 -->
    </test> <!-- Default test -->
  </suite> <!-- Default suite -->
</testng-results>
