<?xml version="1.0" encoding="UTF-8"?>
<!-- Generated by org.testng.reporters.JUnitXMLReporter -->
<testsuite hostname="DO-Tosh" name="ChromeTests" tests="10" failures="0" timestamp="2 Oct 2019 00:39:42 GMT" time="72.873" errors="0">
  <testcase name="testOne" time="0.007" classname="com.automationpractice.demos.AssertDemo"/>
  <testcase name="userRegistration" time="17.15" classname="com.automationpractice.user_registration.UserRegistration_09_28_2019"/>
  <testcase name="testOne" time="0.002" classname="com.automationpractice.demos.TestNGAnnotationsDemo"/>
  <testcase name="testTwo" time="0.002" classname="com.automationpractice.demos.TestNGAnnotationsDemo"/>
  <testcase name="demoAlert" time="5.583" classname="com.automationpractice.demos.WebDriverSwitchDemo"/>
  <testcase name="demoIFrame" time="5.409" classname="com.automationpractice.demos.WebDriverSwitchDemo"/>
  <testcase name="switchToWindow" time="6.614" classname="com.automationpractice.demos.WebDriverSwitchDemo"/>
  <testcase name="Login_with_invalid_userid" time="3.708" classname="com.automationpractice.login.LoginTests"/>
  <testcase name="Login_with_valid_userid_but_invalid_password" time="13.424" classname="com.automationpractice.login.LoginTests"/>
  <testcase name="Login_with_valid_userid_and_password" time="20.944" classname="com.automationpractice.login.LoginTests"/>
</testsuite> <!-- ChromeTests -->
